<?xml version="1.0" encoding="UTF-8"?>
<!-- Generated by org.testng.reporters.JUnitReportReporter -->
<testsuite hostname="LAPTOP-2HG486VE" failures="0" tests="1" name="com.sauslab.testcases.logintest" time="5.111" errors="0" timestamp="2023-08-16T19:26:40 IST" skipped="0">
  <testcase classname="com.sauslab.testcases.logintest" name="loginTest" time="5.111"/>
</testsuite> <!-- com.sauslab.testcases.logintest -->
