<?xml version="1.0" encoding="UTF-8"?>
<!-- Generated by org.testng.reporters.JUnitReportReporter -->
<testsuite hostname="LAPTOP-2HG486VE" failures="0" tests="1" name="com.orange.LoginTest" time="17.350" errors="0" timestamp="2023-08-23T14:18:54 IST" skipped="0">
  <testcase classname="com.orange.LoginTest" name="firstTest" time="17.350"/>
</testsuite> <!-- com.orange.LoginTest -->
