<?xml version="1.0" encoding="UTF-8"?>
<!-- Generated by org.testng.reporters.JUnitReportReporter -->
<testsuite hostname="LAPTOP-2HG486VE" failures="0" tests="1" name="com.orange.HomePageTest" time="45.101" errors="0" timestamp="2023-08-29T10:19:54 IST" skipped="0">
  <testcase classname="com.orange.HomePageTest" name="clickLogoutbtn" time="45.101"/>
</testsuite> <!-- com.orange.HomePageTest -->
