<?xml version="1.0" encoding="UTF-8"?>
<!-- Generated by org.testng.reporters.JUnitReportReporter -->
<testsuite hostname="LAPTOP-2HG486VE" failures="0" tests="2" name="com.sauslab.testcases.logintest" time="24.054" errors="0" timestamp="2023-08-16T21:36:28 IST" skipped="0">
  <testcase classname="com.sauslab.testcases.logintest" name="loginTest" time="9.788"/>
  <testcase classname="com.sauslab.testcases.logintest" name="verifyTitle" time="14.266"/>
</testsuite> <!-- com.sauslab.testcases.logintest -->
