<?xml version="1.0" encoding="UTF-8"?>
<!-- Generated by org.testng.reporters.JUnitReportReporter -->
<testsuite hostname="LAPTOP-2HG486VE" failures="0" tests="1" name="com.sauslab.testcases.inventorytest" time="11.404" errors="0" timestamp="2023-08-16T21:36:28 IST" skipped="0">
  <testcase classname="com.sauslab.testcases.inventorytest" name="addtocart" time="11.404"/>
</testsuite> <!-- com.sauslab.testcases.inventorytest -->
