<?xml version="1.0" encoding="UTF-8"?>
<!-- Generated by org.testng.reporters.JUnitReportReporter -->
<testsuite hostname="LAPTOP-2HG486VE" failures="0" tests="4" name="com.sauslab.testcases.cartTest" time="41.507" errors="0" timestamp="2023-08-16T22:11:09 IST" skipped="0">
  <testcase classname="com.sauslab.testcases.cartTest" name="carttest" time="11.006"/>
  <testcase classname="com.sauslab.testcases.cartTest" name="carttest3" time="10.935"/>
  <testcase classname="com.sauslab.testcases.cartTest" name="carttest2" time="8.995"/>
  <testcase classname="com.sauslab.testcases.cartTest" name="carttest1" time="10.571"/>
</testsuite> <!-- com.sauslab.testcases.cartTest -->
