<?xml version="1.0" encoding="UTF-8"?>
<!-- Generated by org.testng.reporters.JUnitReportReporter -->
<testsuite hostname="LAPTOP-2HG486VE" failures="0" tests="3" name="com.sauslab.testcases.checkoutsecondtest" time="43.877" errors="0" timestamp="2023-08-16T21:36:28 IST" skipped="0">
  <testcase classname="com.sauslab.testcases.checkoutsecondtest" name="CH_3" time="13.780"/>
  <testcase classname="com.sauslab.testcases.checkoutsecondtest" name="CH_1" time="14.894"/>
  <testcase classname="com.sauslab.testcases.checkoutsecondtest" name="CH_2" time="15.203"/>
</testsuite> <!-- com.sauslab.testcases.checkoutsecondtest -->
