<?xml version="1.0" encoding="UTF-8"?>
<!-- Generated by org.testng.reporters.JUnitReportReporter -->
<testsuite hostname="LAPTOP-2HG486VE" failures="0" tests="2" name="com.sauslab.testcases.checkoutonetest" time="40.294" errors="0" timestamp="2023-08-16T21:36:28 IST" skipped="0">
  <testcase classname="com.sauslab.testcases.checkoutonetest" name="CO1" time="17.381"/>
  <testcase classname="com.sauslab.testcases.checkoutonetest" name="CO2" time="22.913"/>
</testsuite> <!-- com.sauslab.testcases.checkoutonetest -->
