<?xml version="1.0" encoding="UTF-8"?>
<!-- Generated by org.testng.reporters.JUnitReportReporter -->
<testsuite hostname="LAPTOP-2HG486VE" failures="0" tests="2" name="com.sauslab.testcases.logintest" time="82.421" errors="0" timestamp="2023-08-17T13:11:01 IST" skipped="0">
  <testcase classname="com.sauslab.testcases.logintest" name="verifyTitle" time="40.540"/>
  <testcase classname="com.sauslab.testcases.logintest" name="loginTest" time="41.881"/>
</testsuite> <!-- com.sauslab.testcases.logintest -->
