<?xml version="1.0" encoding="UTF-8"?>
<!-- Generated by org.testng.reporters.JUnitReportReporter -->
<testsuite hostname="LAPTOP-2HG486VE" failures="0" tests="2" name="com.sauslab.testcases.checkoutonetest" time="15.990" errors="0" timestamp="2023-08-16T19:26:40 IST" skipped="0">
  <testcase classname="com.sauslab.testcases.checkoutonetest" name="CO1" time="6.765"/>
  <testcase classname="com.sauslab.testcases.checkoutonetest" name="CO2" time="9.225"/>
</testsuite> <!-- com.sauslab.testcases.checkoutonetest -->
