<?xml version="1.0" encoding="UTF-8"?>
<!-- Generated by org.testng.reporters.JUnitReportReporter -->
<testsuite hostname="LAPTOP-2HG486VE" failures="0" tests="1" name="com.testcases.hrm_login" time="2.749" errors="0" timestamp="2023-08-17T15:48:46 IST" skipped="0">
  <testcase classname="com.testcases.hrm_login" name="verifyTitle" time="2.749"/>
</testsuite> <!-- com.testcases.hrm_login -->
