<?xml version="1.0" encoding="UTF-8"?>
<!-- Generated by org.testng.reporters.JUnitReportReporter -->
<testsuite hostname="LAPTOP-2HG486VE" failures="0" tests="2" name="com.sauslab.testcases.checkoutonetest" time="22.826" errors="0" timestamp="2023-08-16T22:11:09 IST" skipped="0">
  <testcase classname="com.sauslab.testcases.checkoutonetest" name="CO2" time="10.911"/>
  <testcase classname="com.sauslab.testcases.checkoutonetest" name="CO1" time="11.915"/>
</testsuite> <!-- com.sauslab.testcases.checkoutonetest -->
