<?xml version="1.0" encoding="UTF-8"?>
<!-- Generated by org.testng.reporters.JUnitReportReporter -->
<testsuite hostname="LAPTOP-2HG486VE" failures="0" tests="4" name="com.sauslab.testcases.cartTest" time="178.820" errors="0" timestamp="2023-08-17T13:11:01 IST" skipped="0">
  <testcase classname="com.sauslab.testcases.cartTest" name="carttest2" time="44.100"/>
  <testcase classname="com.sauslab.testcases.cartTest" name="carttest" time="46.295"/>
  <testcase classname="com.sauslab.testcases.cartTest" name="carttest1" time="44.527"/>
  <testcase classname="com.sauslab.testcases.cartTest" name="carttest3" time="43.898"/>
</testsuite> <!-- com.sauslab.testcases.cartTest -->
