<?xml version="1.0" encoding="UTF-8"?>
<!-- Generated by org.testng.reporters.JUnitReportReporter -->
<testsuite hostname="LAPTOP-2HG486VE" failures="0" tests="1" name="DevelopedFramework.developedframework.testClass" time="0.542" errors="0" timestamp="2023-08-09T22:53:37 IST" skipped="0">
  <testcase classname="DevelopedFramework.developedframework.testClass" name="firstTest" time="0.542"/>
  <system-out/>
</testsuite> <!-- DevelopedFramework.developedframework.testClass -->
