<?xml version="1.0" encoding="UTF-8"?>
<!-- Generated by org.testng.reporters.JUnitReportReporter -->
<testsuite hostname="LAPTOP-2HG486VE" failures="0" tests="1" name="com.sauslab.testcases.checkoutcompletetest" time="53.892" errors="0" timestamp="2023-08-17T13:11:01 IST" skipped="0">
  <testcase classname="com.sauslab.testcases.checkoutcompletetest" name="CH_1" time="53.892"/>
</testsuite> <!-- com.sauslab.testcases.checkoutcompletetest -->
