<?xml version="1.0" encoding="UTF-8"?>
<!-- Generated by org.testng.reporters.JUnitReportReporter -->
<testsuite hostname="LAPTOP-2HG486VE" failures="0" tests="3" name="com.sauslab.testcases.cartTest" time="18.466" errors="0" timestamp="2023-08-16T19:25:30 IST" skipped="0">
  <testcase classname="com.sauslab.testcases.cartTest" name="carttest" time="6.393"/>
  <testcase classname="com.sauslab.testcases.cartTest" name="carttest1" time="5.498"/>
  <testcase classname="com.sauslab.testcases.cartTest" name="carttest2" time="6.575"/>
</testsuite> <!-- com.sauslab.testcases.cartTest -->
