<?xml version="1.0" encoding="UTF-8"?>
<!-- Generated by org.testng.reporters.JUnitReportReporter -->
<testsuite hostname="LAPTOP-2HG486VE" failures="0" tests="3" name="com.sauslab.testcases.checkoutsecondtest" time="34.581" errors="0" timestamp="2023-08-16T22:11:09 IST" skipped="0">
  <testcase classname="com.sauslab.testcases.checkoutsecondtest" name="CH_2" time="11.838"/>
  <testcase classname="com.sauslab.testcases.checkoutsecondtest" name="CH_1" time="10.392"/>
  <testcase classname="com.sauslab.testcases.checkoutsecondtest" name="CH_3" time="12.351"/>
</testsuite> <!-- com.sauslab.testcases.checkoutsecondtest -->
