<?xml version="1.0" encoding="UTF-8"?>
<!-- Generated by org.testng.reporters.JUnitReportReporter -->
<testsuite hostname="LAPTOP-2HG486VE" failures="0" tests="1" name="com.orange.LoginTest" time="29.166" errors="0" timestamp="2023-08-25T17:24:33 IST" skipped="0">
  <testcase classname="com.orange.LoginTest" name="firstTest" time="29.166"/>
</testsuite> <!-- com.orange.LoginTest -->
