<?xml version="1.0" encoding="UTF-8"?>
<!-- Generated by org.testng.reporters.JUnitReportReporter -->
<testsuite hostname="LAPTOP-2HG486VE" failures="0" tests="4" name="com.sauslab.testcases.cartTest" time="38.551" errors="0" timestamp="2023-08-16T21:36:28 IST" skipped="0">
  <testcase classname="com.sauslab.testcases.cartTest" name="carttest" time="8.842"/>
  <testcase classname="com.sauslab.testcases.cartTest" name="carttest1" time="13.004"/>
  <testcase classname="com.sauslab.testcases.cartTest" name="carttest2" time="8.747"/>
  <testcase classname="com.sauslab.testcases.cartTest" name="carttest3" time="7.958"/>
</testsuite> <!-- com.sauslab.testcases.cartTest -->
