<?xml version="1.0" encoding="UTF-8"?>
<!-- Generated by org.testng.reporters.JUnitReportReporter -->
<testsuite hostname="LAPTOP-2HG486VE" failures="0" tests="2" name="com.sauslab.testcases.logintest" time="11.969" errors="0" timestamp="2023-08-16T22:11:09 IST" skipped="0">
  <testcase classname="com.sauslab.testcases.logintest" name="loginTest" time="6.915"/>
  <testcase classname="com.sauslab.testcases.logintest" name="verifyTitle" time="5.054"/>
</testsuite> <!-- com.sauslab.testcases.logintest -->
