<?xml version="1.0" encoding="UTF-8"?>
<!-- Generated by org.testng.reporters.JUnitReportReporter -->
<testsuite hostname="LAPTOP-2HG486VE" failures="0" tests="3" name="com.sauslab.testcases.checkoutsecondtest" time="22.929" errors="0" timestamp="2023-08-16T19:26:40 IST" skipped="0">
  <testcase classname="com.sauslab.testcases.checkoutsecondtest" name="CH_3" time="7.395"/>
  <testcase classname="com.sauslab.testcases.checkoutsecondtest" name="CH_1" time="7.923"/>
  <testcase classname="com.sauslab.testcases.checkoutsecondtest" name="CH_2" time="7.611"/>
</testsuite> <!-- com.sauslab.testcases.checkoutsecondtest -->
