<?xml version="1.0" encoding="UTF-8"?>
<!-- Generated by org.testng.reporters.JUnitReportReporter -->
<testsuite hostname="LAPTOP-2HG486VE" failures="0" tests="3" name="com.sauslab.testcases.checkoutsecondtest" time="131.925" errors="0" timestamp="2023-08-17T13:11:01 IST" skipped="0">
  <testcase classname="com.sauslab.testcases.checkoutsecondtest" name="CH_1" time="44.457"/>
  <testcase classname="com.sauslab.testcases.checkoutsecondtest" name="CH_3" time="43.725"/>
  <testcase classname="com.sauslab.testcases.checkoutsecondtest" name="CH_2" time="43.743"/>
</testsuite> <!-- com.sauslab.testcases.checkoutsecondtest -->
